<?xml version="1.0" encoding="UTF-8" ?>
<testsuites errors="7"
            failures="1"
            tests="1">

  <testsuite name="withoutEmail"
    errors="7" failures="1" hostname="" id="" package="withoutEmail" skipped="0"
    tests="1" time="89.52" timestamp="">
  
    <testcase name="Demo test" classname="withoutEmail" time="44.76" assertions="1">  <failure message="All inputs without Email in 5000ms - expected &#34;is visible&#34; but got: &#34;element could not be located&#34; (5169ms)">    at Demo test (C:\Users\Essam\Downloads\TESTAUTOMATION\tests\withoutEmail.js:14:24)</failure>

    
    <error message="All inputs without Email in 5000ms - expected [32m&#34;is visible&#34;[39m but got: [31m&#34;element could not be located&#34;[39m [90m(5169ms)[39m" type="error"><![CDATA[
    Error
    at Proxy.&lt;anonymous&gt; (C:\Users\Essam\Downloads\TESTAUTOMATION\node_modules\nightwatch\lib\api\index.js:161:30)
    at Demo test (C:\Users\Essam\Downloads\TESTAUTOMATION\tests\withoutEmail.js:14:24)
    at Context.call (C:\Users\Essam\Downloads\TESTAUTOMATION\node_modules\nightwatch\lib\testsuite\context.js:515:35)
    at TestCase.run (C:\Users\Essam\Downloads\TESTAUTOMATION\node_modules\nightwatch\lib\testsuite\testcase.js:58:31)
    at Runnable.__runFn (C:\Users\Essam\Downloads\TESTAUTOMATION\node_modules\nightwatch\lib\testsuite\index.js:839:80)
    at Runnable.run (C:\Users\Essam\Downloads\TESTAUTOMATION\node_modules\nightwatch\lib\testsuite\runnable.js:126:21)
    at TestSuite.executeRunnable (C:\Users\Essam\Downloads\TESTAUTOMATION\node_modules\nightwatch\lib\testsuite\index.js:1000:49)
    at TestSuite.handleRunnable (C:\Users\Essam\Downloads\TESTAUTOMATION\node_modules\nightwatch\lib\testsuite\index.js:1015:33)
    at C:\Users\Essam\Downloads\TESTAUTOMATION\node_modules\nightwatch\lib\testsuite\index.js:839:21
    at process.processTicksAndRejections (node:internal/process/task_queues:95:5)
    ]]></error>
    
    </testcase>
  

  
    <system-err>
       NoSuchElementError
   An element could not be located on the page using the given search parameters.

    Try fixing by :
    1. Please inspect the html before the step
    2. Verify if an element with the mentioned selector is present in the DOM tree
 NoSuchElementError
   An element could not be located on the page using the given search parameters.

    Try fixing by :
    1. Please inspect the html before the step
    2. Verify if an element with the mentioned selector is present in the DOM tree

    Error location:
    C:\Users\Essam\Downloads\TESTAUTOMATION\tests\withoutEmail.js:7
    –––––––––––––––––––––––––––––––––––––––––––––––––––––––––––––––
     5 |         browser 
     6 |         .url(&#39;http://automationpractice.multiformis.com/index.php&#39;) 
     7 |         .click(&#39;#contact-link&#39;) 
     8 |         .click(&#39;#uniform-id_contact&#39;) 
     9 |         .click(&#39;[value=&#34;2&#34;]&#39;)
    –––––––––––––––––––––––––––––––––––––––––––––––––––––––––––––––

 NoSuchElementError
   An element could not be located on the page using the given search parameters.

    Try fixing by :
    1. Please inspect the html before the step
    2. Verify if an element with the mentioned selector is present in the DOM tree

    Error location:
    C:\Users\Essam\Downloads\TESTAUTOMATION\tests\withoutEmail.js:8
    –––––––––––––––––––––––––––––––––––––––––––––––––––––––––––––––
     6 |         .url(&#39;http://automationpractice.multiformis.com/index.php&#39;) 
     7 |         .click(&#39;#contact-link&#39;)
     8 |         .click(&#39;#uniform-id_contact&#39;)  
     9 |         .click(&#39;[value=&#34;2&#34;]&#39;)
     10 |         .setValue(&#39;input[name=&#34;id_order&#34;]&#39;,&#34;2110&#34;)
    –––––––––––––––––––––––––––––––––––––––––––––––––––––––––––––––

 NoSuchElementError
   An element could not be located on the page using the given search parameters.

    Try fixing by :
    1. Please inspect the html before the step
    2. Verify if an element with the mentioned selector is present in the DOM tree

    Error location:
    C:\Users\Essam\Downloads\TESTAUTOMATION\tests\withoutEmail.js:9
    –––––––––––––––––––––––––––––––––––––––––––––––––––––––––––––––
     7 |         .click(&#39;#contact-link&#39;)
     8 |         .click(&#39;#uniform-id_contact&#39;) 
     9 |         .click(&#39;[value=&#34;2&#34;]&#39;) 
     10 |         .setValue(&#39;input[name=&#34;id_order&#34;]&#39;,&#34;2110&#34;)
     11 |         .setValue(&#39;textarea[name=&#34;message&#34;]&#39;,&#34;order is too late!&#34;)
    –––––––––––––––––––––––––––––––––––––––––––––––––––––––––––––––

 NoSuchElementError
   An element could not be located on the page using the given search parameters.

    Try fixing by :
    1. Please inspect the html before the step
    2. Verify if an element with the mentioned selector is present in the DOM tree

    Error location:
    C:\Users\Essam\Downloads\TESTAUTOMATION\tests\withoutEmail.js:10
    –––––––––––––––––––––––––––––––––––––––––––––––––––––––––––––––
     8 |         .click(&#39;#uniform-id_contact&#39;) 
     9 |         .click(&#39;[value=&#34;2&#34;]&#39;)
     10 |         .setValue(&#39;input[name=&#34;id_order&#34;]&#39;,&#34;2110&#34;) 
     11 |         .setValue(&#39;textarea[name=&#34;message&#34;]&#39;,&#34;order is too late!&#34;)
     12 |         .setValue(&#39;input[type=file]&#39;, require(&#39;path&#39;).resolve(&#39;deliveryBad.txt&#39;))
    –––––––––––––––––––––––––––––––––––––––––––––––––––––––––––––––

 NoSuchElementError
   An element could not be located on the page using the given search parameters.

    Try fixing by :
    1. Please inspect the html before the step
    2. Verify if an element with the mentioned selector is present in the DOM tree

    Error location:
    C:\Users\Essam\Downloads\TESTAUTOMATION\tests\withoutEmail.js:11
    –––––––––––––––––––––––––––––––––––––––––––––––––––––––––––––––
     9 |         .click(&#39;[value=&#34;2&#34;]&#39;)
     10 |         .setValue(&#39;input[name=&#34;id_order&#34;]&#39;,&#34;2110&#34;)
     11 |         .setValue(&#39;textarea[name=&#34;message&#34;]&#39;,&#34;order is too late!&#34;) 
     12 |         .setValue(&#39;input[type=file]&#39;, require(&#39;path&#39;).resolve(&#39;deliveryBad.txt&#39;))
     13 |         .click(&#39;button[name=&#34;submitMessage&#34;]&#39;)
    –––––––––––––––––––––––––––––––––––––––––––––––––––––––––––––––

 NoSuchElementError
   An element could not be located on the page using the given search parameters.

    Try fixing by :
    1. Please inspect the html before the step
    2. Verify if an element with the mentioned selector is present in the DOM tree

    Error location:
    C:\Users\Essam\Downloads\TESTAUTOMATION\tests\withoutEmail.js:12
    –––––––––––––––––––––––––––––––––––––––––––––––––––––––––––––––
     10 |         .setValue(&#39;input[name=&#34;id_order&#34;]&#39;,&#34;2110&#34;)
     11 |         .setValue(&#39;textarea[name=&#34;message&#34;]&#39;,&#34;order is too late!&#34;)
     12 |         .setValue(&#39;input[type=file]&#39;, require(&#39;path&#39;).resolve(&#39;deliveryBad.txt&#39;)) 
     13 |         .click(&#39;button[name=&#34;submitMessage&#34;]&#39;)
     14 |         browser.assert.visible(&#39;p[class=&#34;alert alert-success&#34;]&#39;, &#39;All inputs without Email&#39;);
    –––––––––––––––––––––––––––––––––––––––––––––––––––––––––––––––

 NoSuchElementError
   An element could not be located on the page using the given search parameters.

    Try fixing by :
    1. Please inspect the html before the step
    2. Verify if an element with the mentioned selector is present in the DOM tree

    Error location:
    C:\Users\Essam\Downloads\TESTAUTOMATION\tests\withoutEmail.js:13
    –––––––––––––––––––––––––––––––––––––––––––––––––––––––––––––––
     11 |         .setValue(&#39;textarea[name=&#34;message&#34;]&#39;,&#34;order is too late!&#34;)
     12 |         .setValue(&#39;input[type=file]&#39;, require(&#39;path&#39;).resolve(&#39;deliveryBad.txt&#39;))
     13 |         .click(&#39;button[name=&#34;submitMessage&#34;]&#39;) 
     14 |         browser.assert.visible(&#39;p[class=&#34;alert alert-success&#34;]&#39;, &#39;All inputs without Email&#39;);
     15 | 
    –––––––––––––––––––––––––––––––––––––––––––––––––––––––––––––––

 NoSuchElementError
   An element could not be located on the page using the given search parameters.

    Try fixing by :
    1. Please inspect the html before the step
    2. Verify if an element with the mentioned selector is present in the DOM tree

    Error location:
    C:\Users\Essam\Downloads\TESTAUTOMATION\tests\withoutOR.js:7
    ––––––––––––––––––––––––––––––––––––––––––––––––––––––––––––
     5 |         browser 
     6 |         .url(&#39;http://automationpractice.multiformis.com/index.php&#39;) 
     7 |         .click(&#39;#contact-link&#39;) 
     8 |         .click(&#39;#uniform-id_contact&#39;) 
     9 |         .click(&#39;[value=&#34;2&#34;]&#39;)
    ––––––––––––––––––––––––––––––––––––––––––––––––––––––––––––

 NoSuchElementError
   An element could not be located on the page using the given search parameters.

    Try fixing by :
    1. Please inspect the html before the step
    2. Verify if an element with the mentioned selector is present in the DOM tree

    Error location:
    C:\Users\Essam\Downloads\TESTAUTOMATION\tests\withoutOR.js:8
    ––––––––––––––––––––––––––––––––––––––––––––––––––––––––––––
     6 |         .url(&#39;http://automationpractice.multiformis.com/index.php&#39;) 
     7 |         .click(&#39;#contact-link&#39;)
     8 |         .click(&#39;#uniform-id_contact&#39;)  
     9 |         .click(&#39;[value=&#34;2&#34;]&#39;)
     10 |         .setValue(&#39;input[name=&#34;from&#34;]&#39;,&#34;bassel28@gmail.com&#34;)
    ––––––––––––––––––––––––––––––––––––––––––––––––––––––––––––

 NoSuchElementError
   An element could not be located on the page using the given search parameters.

    Try fixing by :
    1. Please inspect the html before the step
    2. Verify if an element with the mentioned selector is present in the DOM tree

    Error location:
    C:\Users\Essam\Downloads\TESTAUTOMATION\tests\withoutOR.js:9
    ––––––––––––––––––––––––––––––––––––––––––––––––––––––––––––
     7 |         .click(&#39;#contact-link&#39;)
     8 |         .click(&#39;#uniform-id_contact&#39;) 
     9 |         .click(&#39;[value=&#34;2&#34;]&#39;) 
     10 |         .setValue(&#39;input[name=&#34;from&#34;]&#39;,&#34;bassel28@gmail.com&#34;)
     11 |         .setValue(&#39;textarea[name=&#34;message&#34;]&#39;,&#34;order is too late!&#34;)
    ––––––––––––––––––––––––––––––––––––––––––––––––––––––––––––

 NoSuchElementError
   An element could not be located on the page using the given search parameters.

    Try fixing by :
    1. Please inspect the html before the step
    2. Verify if an element with the mentioned selector is present in the DOM tree

    Error location:
    C:\Users\Essam\Downloads\TESTAUTOMATION\tests\withoutOR.js:10
    ––––––––––––––––––––––––––––––––––––––––––––––––––––––––––––
     8 |         .click(&#39;#uniform-id_contact&#39;) 
     9 |         .click(&#39;[value=&#34;2&#34;]&#39;)
     10 |         .setValue(&#39;input[name=&#34;from&#34;]&#39;,&#34;bassel28@gmail.com&#34;) 
     11 |         .setValue(&#39;textarea[name=&#34;message&#34;]&#39;,&#34;order is too late!&#34;)
     12 |         .setValue(&#39;input[type=file]&#39;, require(&#39;path&#39;).resolve(&#39;deliveryBad.txt&#39;))
    ––––––––––––––––––––––––––––––––––––––––––––––––––––––––––––

 NoSuchElementError
   An element could not be located on the page using the given search parameters.

    Try fixing by :
    1. Please inspect the html before the step
    2. Verify if an element with the mentioned selector is present in the DOM tree

    Error location:
    C:\Users\Essam\Downloads\TESTAUTOMATION\tests\withoutOR.js:11
    ––––––––––––––––––––––––––––––––––––––––––––––––––––––––––––
     9 |         .click(&#39;[value=&#34;2&#34;]&#39;)
     10 |         .setValue(&#39;input[name=&#34;from&#34;]&#39;,&#34;bassel28@gmail.com&#34;)
     11 |         .setValue(&#39;textarea[name=&#34;message&#34;]&#39;,&#34;order is too late!&#34;) 
     12 |         .setValue(&#39;input[type=file]&#39;, require(&#39;path&#39;).resolve(&#39;deliveryBad.txt&#39;))
     13 |         .click(&#39;button[name=&#34;submitMessage&#34;]&#39;)
    ––––––––––––––––––––––––––––––––––––––––––––––––––––––––––––

 NoSuchElementError
   An element could not be located on the page using the given search parameters.

    Try fixing by :
    1. Please inspect the html before the step
    2. Verify if an element with the mentioned selector is present in the DOM tree

    Error location:
    C:\Users\Essam\Downloads\TESTAUTOMATION\tests\withoutOR.js:12
    ––––––––––––––––––––––––––––––––––––––––––––––––––––––––––––
     10 |         .setValue(&#39;input[name=&#34;from&#34;]&#39;,&#34;bassel28@gmail.com&#34;)
     11 |         .setValue(&#39;textarea[name=&#34;message&#34;]&#39;,&#34;order is too late!&#34;)
     12 |         .setValue(&#39;input[type=file]&#39;, require(&#39;path&#39;).resolve(&#39;deliveryBad.txt&#39;)) 
     13 |         .click(&#39;button[name=&#34;submitMessage&#34;]&#39;)
     14 |         browser.assert.visible(&#39;p[class=&#34;alert alert-success&#34;]&#39;, &#39;All inputs without Order Refernce&#39;);
    ––––––––––––––––––––––––––––––––––––––––––––––––––––––––––––

 NoSuchElementError
   An element could not be located on the page using the given search parameters.

    Try fixing by :
    1. Please inspect the html before the step
    2. Verify if an element with the mentioned selector is present in the DOM tree

    Error location:
    C:\Users\Essam\Downloads\TESTAUTOMATION\tests\withoutOR.js:13
    ––––––––––––––––––––––––––––––––––––––––––––––––––––––––––––
     11 |         .setValue(&#39;textarea[name=&#34;message&#34;]&#39;,&#34;order is too late!&#34;)
     12 |         .setValue(&#39;input[type=file]&#39;, require(&#39;path&#39;).resolve(&#39;deliveryBad.txt&#39;))
     13 |         .click(&#39;button[name=&#34;submitMessage&#34;]&#39;) 
     14 |         browser.assert.visible(&#39;p[class=&#34;alert alert-success&#34;]&#39;, &#39;All inputs without Order Refernce&#39;);
     15 | 
    ––––––––––––––––––––––––––––––––––––––––––––––––––––––––––––

 NoSuchElementError
   An element could not be located on the page using the given search parameters.

    Try fixing by :
    1. Please inspect the html before the step
    2. Verify if an element with the mentioned selector is present in the DOM tree

    Error location:
    C:\Users\Essam\Downloads\TESTAUTOMATION\tests\withoutFile.js:7
    ––––––––––––––––––––––––––––––––––––––––––––––––––––––––––––––
     5 |         browser 
     6 |         .url(&#39;http://automationpractice.multiformis.com/index.php&#39;) 
     7 |         .click(&#39;#contact-link&#39;) 
     8 |         .click(&#39;#uniform-id_contact&#39;) 
     9 |         .click(&#39;[value=&#34;2&#34;]&#39;)
    ––––––––––––––––––––––––––––––––––––––––––––––––––––––––––––––

 NoSuchElementError
   An element could not be located on the page using the given search parameters.

    Try fixing by :
    1. Please inspect the html before the step
    2. Verify if an element with the mentioned selector is present in the DOM tree

    Error location:
    C:\Users\Essam\Downloads\TESTAUTOMATION\tests\withoutFile.js:8
    ––––––––––––––––––––––––––––––––––––––––––––––––––––––––––––––
     6 |         .url(&#39;http://automationpractice.multiformis.com/index.php&#39;) 
     7 |         .click(&#39;#contact-link&#39;)
     8 |         .click(&#39;#uniform-id_contact&#39;)  
     9 |         .click(&#39;[value=&#34;2&#34;]&#39;)
     10 |         .setValue(&#39;input[name=&#34;from&#34;]&#39;,&#34;bassel28@gmail.com&#34;)
    ––––––––––––––––––––––––––––––––––––––––––––––––––––––––––––––

 NoSuchElementError
   An element could not be located on the page using the given search parameters.

    Try fixing by :
    1. Please inspect the html before the step
    2. Verify if an element with the mentioned selector is present in the DOM tree

    Error location:
    C:\Users\Essam\Downloads\TESTAUTOMATION\tests\withoutFile.js:9
    ––––––––––––––––––––––––––––––––––––––––––––––––––––––––––––––
     7 |         .click(&#39;#contact-link&#39;)
     8 |         .click(&#39;#uniform-id_contact&#39;) 
     9 |         .click(&#39;[value=&#34;2&#34;]&#39;) 
     10 |         .setValue(&#39;input[name=&#34;from&#34;]&#39;,&#34;bassel28@gmail.com&#34;)
     11 |         .setValue(&#39;input[name=&#34;id_order&#34;]&#39;,&#34;2110&#34;)
    ––––––––––––––––––––––––––––––––––––––––––––––––––––––––––––––

 NoSuchElementError
   An element could not be located on the page using the given search parameters.

    Try fixing by :
    1. Please inspect the html before the step
    2. Verify if an element with the mentioned selector is present in the DOM tree

    Error location:
    C:\Users\Essam\Downloads\TESTAUTOMATION\tests\withoutFile.js:10
    ––––––––––––––––––––––––––––––––––––––––––––––––––––––––––––––
     8 |         .click(&#39;#uniform-id_contact&#39;) 
     9 |         .click(&#39;[value=&#34;2&#34;]&#39;)
     10 |         .setValue(&#39;input[name=&#34;from&#34;]&#39;,&#34;bassel28@gmail.com&#34;) 
     11 |         .setValue(&#39;input[name=&#34;id_order&#34;]&#39;,&#34;2110&#34;)
     12 |         .setValue(&#39;textarea[name=&#34;message&#34;]&#39;,&#34;order is too late!&#34;)
    ––––––––––––––––––––––––––––––––––––––––––––––––––––––––––––––

 NoSuchElementError
   An element could not be located on the page using the given search parameters.

    Try fixing by :
    1. Please inspect the html before the step
    2. Verify if an element with the mentioned selector is present in the DOM tree

    Error location:
    C:\Users\Essam\Downloads\TESTAUTOMATION\tests\withoutFile.js:11
    ––––––––––––––––––––––––––––––––––––––––––––––––––––––––––––––
     9 |         .click(&#39;[value=&#34;2&#34;]&#39;)
     10 |         .setValue(&#39;input[name=&#34;from&#34;]&#39;,&#34;bassel28@gmail.com&#34;)
     11 |         .setValue(&#39;input[name=&#34;id_order&#34;]&#39;,&#34;2110&#34;) 
     12 |         .setValue(&#39;textarea[name=&#34;message&#34;]&#39;,&#34;order is too late!&#34;)
     13 |         .click(&#39;button[name=&#34;submitMessage&#34;]&#39;)
    ––––––––––––––––––––––––––––––––––––––––––––––––––––––––––––––

 NoSuchElementError
   An element could not be located on the page using the given search parameters.

    Try fixing by :
    1. Please inspect the html before the step
    2. Verify if an element with the mentioned selector is present in the DOM tree

    Error location:
    C:\Users\Essam\Downloads\TESTAUTOMATION\tests\withoutFile.js:12
    ––––––––––––––––––––––––––––––––––––––––––––––––––––––––––––––
     10 |         .setValue(&#39;input[name=&#34;from&#34;]&#39;,&#34;bassel28@gmail.com&#34;)
     11 |         .setValue(&#39;input[name=&#34;id_order&#34;]&#39;,&#34;2110&#34;)
     12 |         .setValue(&#39;textarea[name=&#34;message&#34;]&#39;,&#34;order is too late!&#34;) 
     13 |         .click(&#39;button[name=&#34;submitMessage&#34;]&#39;)
     14 |         browser.assert.visible(&#39;p[class=&#34;alert alert-success&#34;]&#39;, &#39;All inputs without File added&#39;);
    ––––––––––––––––––––––––––––––––––––––––––––––––––––––––––––––

 NoSuchElementError
   An element could not be located on the page using the given search parameters.

    Try fixing by :
    1. Please inspect the html before the step
    2. Verify if an element with the mentioned selector is present in the DOM tree

    Error location:
    C:\Users\Essam\Downloads\TESTAUTOMATION\tests\withoutFile.js:13
    ––––––––––––––––––––––––––––––––––––––––––––––––––––––––––––––
     11 |         .setValue(&#39;input[name=&#34;id_order&#34;]&#39;,&#34;2110&#34;)
     12 |         .setValue(&#39;textarea[name=&#34;message&#34;]&#39;,&#34;order is too late!&#34;)
     13 |         .click(&#39;button[name=&#34;submitMessage&#34;]&#39;) 
     14 |         browser.assert.visible(&#39;p[class=&#34;alert alert-success&#34;]&#39;, &#39;All inputs without File added&#39;);
     15 | 
    ––––––––––––––––––––––––––––––––––––––––––––––––––––––––––––––

    </system-err>
  

    

  
  </testsuite>
</testsuites>
